<?xml version="1.0" encoding="UTF-8"?>
<!-- Generated by org.testng.reporters.JUnitReportReporter -->
<testsuite hostname="necropolis.local" name="rationale.emotions.pojo.LocationTest" tests="2" failures="0" timestamp="11 Aug 2013 06:01:19 GMT" time="0.001" errors="0">
  <testcase name="testEquals" time="0.000" classname="rationale.emotions.pojo.LocationTest"/>
  <testcase name="testGetXandY" time="0.001" classname="rationale.emotions.pojo.LocationTest"/>
</testsuite> <!-- rationale.emotions.pojo.LocationTest -->
