<?xml version="1.0" encoding="UTF-8"?>
<!-- Generated by org.testng.reporters.JUnitReportReporter -->
<testsuite hostname="necropolis.local" name="rationale.emotions.PawnMoveManagerTest" tests="2" failures="0" timestamp="11 Aug 2013 06:01:19 GMT" time="0.002" errors="0">
  <testcase name="testLookForSolution" time="0.001" classname="rationale.emotions.PawnMoveManagerTest"/>
  <testcase name="testLookForSolutionNegative" time="0.001" classname="rationale.emotions.PawnMoveManagerTest"/>
</testsuite> <!-- rationale.emotions.PawnMoveManagerTest -->
