<?xml version="1.0" encoding="UTF-8"?>
<!-- Generated by org.testng.reporters.JUnitReportReporter -->
<testsuite hostname="necropolis.local" name="rationale.emotions.pojo.ChessBoardLocationTest" tests="1" failures="0" timestamp="11 Aug 2013 06:01:19 GMT" time="0.001" errors="0">
  <testcase name="testCreation" time="0.001" classname="rationale.emotions.pojo.ChessBoardLocationTest"/>
</testsuite> <!-- rationale.emotions.pojo.ChessBoardLocationTest -->
