<?xml version="1.0" encoding="UTF-8"?>
<!-- Generated by org.testng.reporters.JUnitReportReporter -->
<testsuite hostname="necropolis.local" name="rationale.emotions.chesspawn.impl.KnightTest" tests="5" failures="0" timestamp="11 Aug 2013 06:01:19 GMT" time="0.001" errors="0">
  <testcase name="testMoveToOutOfBoardScenario" time="0.001" classname="rationale.emotions.chesspawn.impl.KnightTest"/>
  <testcase name="testNextMoveLocations" time="0.000" classname="rationale.emotions.chesspawn.impl.KnightTest"/>
  <testcase name="moveToTestNegative" time="0.000" classname="rationale.emotions.chesspawn.impl.KnightTest"/>
  <testcase name="testMoveTo" time="0.000" classname="rationale.emotions.chesspawn.impl.KnightTest"/>
  <testcase name="testNextMoveLocationsNull" time="0.000" classname="rationale.emotions.chesspawn.impl.KnightTest"/>
</testsuite> <!-- rationale.emotions.chesspawn.impl.KnightTest -->
