<?xml version="1.0" encoding="UTF-8"?>
<!-- Generated by org.testng.reporters.JUnitReportReporter -->
<testsuite hostname="necropolis.local" name="rationale.emotions.internal.CmdLineOptionsParserTest" tests="7" failures="0" timestamp="11 Aug 2013 06:01:19 GMT" time="0.003" errors="0">
  <testcase name="testIsParamPresentNoHashSymbol" time="0.001" classname="rationale.emotions.internal.CmdLineOptionsParserTest"/>
  <testcase name="testGetParamValueArgNotPresent" time="0.001" classname="rationale.emotions.internal.CmdLineOptionsParserTest"/>
  <testcase name="testIsParamPresent" time="0.000" classname="rationale.emotions.internal.CmdLineOptionsParserTest"/>
  <testcase name="testGetParamValue" time="0.000" classname="rationale.emotions.internal.CmdLineOptionsParserTest"/>
  <testcase name="testGetParamValueInvalidArg" time="0.001" classname="rationale.emotions.internal.CmdLineOptionsParserTest"/>
  <testcase name="testGetParamValueNoHashSymbol" time="0.000" classname="rationale.emotions.internal.CmdLineOptionsParserTest"/>
  <testcase name="testIsParamPresentNegative" time="0.000" classname="rationale.emotions.internal.CmdLineOptionsParserTest"/>
</testsuite> <!-- rationale.emotions.internal.CmdLineOptionsParserTest -->
