<?xml version="1.0" encoding="UTF-8"?>
<!-- Generated by org.testng.reporters.JUnitReportReporter -->
<testsuite hostname="necropolis.local" name="rationale.emotions.ChessBoardTest" tests="10" failures="0" timestamp="11 Aug 2013 06:01:19 GMT" time="0.043" errors="0">
  <testcase name="testChessBoardCreationZeroSize" time="0.001" classname="rationale.emotions.ChessBoardTest"/>
  <testcase name="testChessBoardCareationWithNullLocation" time="0.007" classname="rationale.emotions.ChessBoardTest"/>
  <testcase name="testIsValidReturnsFalse" time="0.000" classname="rationale.emotions.ChessBoardTest"/>
  <testcase name="testChessBoardCreationNegative" time="0.007" classname="rationale.emotions.ChessBoardTest"/>
  <testcase name="testCanVisitReturnsTrue" time="0.009" classname="rationale.emotions.ChessBoardTest"/>
  <testcase name="testMarkAsNotVisited" time="0.000" classname="rationale.emotions.ChessBoardTest"/>
  <testcase name="testChessBoardSimpleCreation" time="0.001" classname="rationale.emotions.ChessBoardTest"/>
  <testcase name="testChessBoardCareationWithLocation" time="0.009" classname="rationale.emotions.ChessBoardTest"/>
  <testcase name="testCanVisitReturnsFalse" time="0.009" classname="rationale.emotions.ChessBoardTest"/>
  <testcase name="testIsValidReturnsTrue" time="0.000" classname="rationale.emotions.ChessBoardTest"/>
</testsuite> <!-- rationale.emotions.ChessBoardTest -->
